<?xml version="1.0" encoding="UTF-8"?>
<!-- Generated by org.testng.reporters.JUnitXMLReporter -->
<testsuite ignored="0" hostname="uno-06-pc" failures="0" tests="3" name="Default test" time="26.13" errors="0" timestamp="2025-04-01T15:47:10 IST">
  <testcase classname="TestScripts.AdminAcc" name="login" time="0.499"/>
  <testcase classname="TestScripts.AdminAcc" name="add_emp" time="14.218"/>
  <testcase classname="TestScripts.AdminAcc" name="userCredential" time="6.5"/>
</testsuite> <!-- Default test -->
