<?xml version="1.0" encoding="UTF-8"?>
<!-- Generated by org.testng.reporters.JUnitXMLReporter -->
<testsuite ignored="0" hostname="uno-30-pc" failures="0" tests="3" name="Default test" time="28.456" errors="0" timestamp="2025-04-21T14:19:04 IST">
  <testcase classname="TestScripts.AdminAcc" name="login" time="0.651"/>
  <testcase classname="TestScripts.AdminAcc" name="add_emp" time="15.88"/>
  <testcase classname="TestScripts.AdminAcc" name="userCredential" time="5.823"/>
</testsuite> <!-- Default test -->
