<?xml version="1.0" encoding="UTF-8"?>
<testng-results ignored="0" total="4" passed="4" failed="0" skipped="0">
  <reporter-output>
  </reporter-output>
  <suite started-at="2025-03-28T12:05:54 IST" name="Default suite" finished-at="2025-03-28T12:06:20 IST" duration-ms="26249">
    <groups>
    </groups>
    <test started-at="2025-03-28T12:05:54 IST" name="Default test" finished-at="2025-03-28T12:06:20 IST" duration-ms="26249">
      <class name="TestScripts.AdminAcc">
        <test-method is-config="true" signature="beforeClass()[pri:0, instance:TestScripts.AdminAcc@247bddad]" started-at="2025-03-28T12:05:54 IST" name="beforeClass" finished-at="2025-03-28T12:05:57 IST" duration-ms="3762" status="PASS">
          <reporter-output>
          </reporter-output>
        </test-method> <!-- beforeClass -->
        <test-method is-config="true" signature="beforeMethod()[pri:0, instance:TestScripts.AdminAcc@247bddad]" started-at="2025-03-28T12:05:57 IST" name="beforeMethod" finished-at="2025-03-28T12:05:57 IST" duration-ms="1" status="PASS">
          <reporter-output>
          </reporter-output>
        </test-method> <!-- beforeMethod -->
        <test-method signature="login()[pri:0, instance:TestScripts.AdminAcc@247bddad]" started-at="2025-03-28T12:05:57 IST" name="login" finished-at="2025-03-28T12:05:58 IST" duration-ms="512" status="PASS">
          <reporter-output>
          </reporter-output>
        </test-method> <!-- login -->
        <test-method is-config="true" signature="afterMethod()[pri:0, instance:TestScripts.AdminAcc@247bddad]" started-at="2025-03-28T12:05:58 IST" name="afterMethod" finished-at="2025-03-28T12:05:58 IST" duration-ms="0" status="PASS">
          <reporter-output>
          </reporter-output>
        </test-method> <!-- afterMethod -->
        <test-method signature="add_emp()[pri:1, instance:TestScripts.AdminAcc@247bddad]" started-at="2025-03-28T12:05:58 IST" name="add_emp" finished-at="2025-03-28T12:06:12 IST" duration-ms="14262" status="PASS">
          <reporter-output>
          </reporter-output>
        </test-method> <!-- add_emp -->
        <test-method is-config="true" signature="beforeMethod()[pri:0, instance:TestScripts.AdminAcc@247bddad]" started-at="2025-03-28T12:05:58 IST" name="beforeMethod" finished-at="2025-03-28T12:05:58 IST" duration-ms="0" status="PASS">
          <reporter-output>
          </reporter-output>
        </test-method> <!-- beforeMethod -->
        <test-method is-config="true" signature="afterMethod()[pri:0, instance:TestScripts.AdminAcc@247bddad]" started-at="2025-03-28T12:06:12 IST" name="afterMethod" finished-at="2025-03-28T12:06:12 IST" duration-ms="1" status="PASS">
          <reporter-output>
          </reporter-output>
        </test-method> <!-- afterMethod -->
        <test-method signature="userCredential()[pri:2, instance:TestScripts.AdminAcc@247bddad]" started-at="2025-03-28T12:06:12 IST" name="userCredential" finished-at="2025-03-28T12:06:19 IST" duration-ms="6466" status="PASS">
          <reporter-output>
          </reporter-output>
        </test-method> <!-- userCredential -->
        <test-method is-config="true" signature="beforeMethod()[pri:0, instance:TestScripts.AdminAcc@247bddad]" started-at="2025-03-28T12:06:12 IST" name="beforeMethod" finished-at="2025-03-28T12:06:12 IST" duration-ms="0" status="PASS">
          <reporter-output>
          </reporter-output>
        </test-method> <!-- beforeMethod -->
        <test-method is-config="true" signature="afterMethod()[pri:0, instance:TestScripts.AdminAcc@247bddad]" started-at="2025-03-28T12:06:19 IST" name="afterMethod" finished-at="2025-03-28T12:06:19 IST" duration-ms="1" status="PASS">
          <reporter-output>
          </reporter-output>
        </test-method> <!-- afterMethod -->
        <test-method signature="logout()[pri:3, instance:TestScripts.AdminAcc@247bddad]" started-at="2025-03-28T12:06:19 IST" name="logout" finished-at="2025-03-28T12:06:20 IST" duration-ms="877" status="PASS">
          <reporter-output>
          </reporter-output>
        </test-method> <!-- logout -->
        <test-method is-config="true" signature="beforeMethod()[pri:0, instance:TestScripts.AdminAcc@247bddad]" started-at="2025-03-28T12:06:19 IST" name="beforeMethod" finished-at="2025-03-28T12:06:19 IST" duration-ms="0" status="PASS">
          <reporter-output>
          </reporter-output>
        </test-method> <!-- beforeMethod -->
        <test-method is-config="true" signature="afterMethod()[pri:0, instance:TestScripts.AdminAcc@247bddad]" started-at="2025-03-28T12:06:20 IST" name="afterMethod" finished-at="2025-03-28T12:06:20 IST" duration-ms="0" status="PASS">
          <reporter-output>
          </reporter-output>
        </test-method> <!-- afterMethod -->
        <test-method is-config="true" signature="afterClass()[pri:0, instance:TestScripts.AdminAcc@247bddad]" started-at="2025-03-28T12:06:20 IST" name="afterClass" finished-at="2025-03-28T12:06:20 IST" duration-ms="146" status="PASS">
          <reporter-output>
          </reporter-output>
        </test-method> <!-- afterClass -->
      </class> <!-- TestScripts.AdminAcc -->
    </test> <!-- Default test -->
  </suite> <!-- Default suite -->
</testng-results>
