<?xml version="1.0" encoding="UTF-8"?>
<testng-results ignored="0" total="4" passed="4" failed="0" skipped="0">
  <reporter-output>
  </reporter-output>
  <suite started-at="2025-03-19T17:00:02 IST" name="Default suite" finished-at="2025-03-19T17:00:48 IST" duration-ms="46277">
    <groups>
    </groups>
    <test started-at="2025-03-19T17:00:02 IST" name="Default test" finished-at="2025-03-19T17:00:48 IST" duration-ms="46277">
      <class name="LoginPage.loginPage">
        <test-method is-config="true" signature="beforeClass()[pri:0, instance:LoginPage.loginPage@16293aa2]" started-at="2025-03-19T17:00:02 IST" name="beforeClass" finished-at="2025-03-19T17:00:09 IST" duration-ms="6673" status="PASS">
          <reporter-output>
          </reporter-output>
        </test-method> <!-- beforeClass -->
        <test-method is-config="true" signature="beforeMethod()[pri:0, instance:LoginPage.loginPage@16293aa2]" started-at="2025-03-19T17:00:09 IST" name="beforeMethod" finished-at="2025-03-19T17:00:09 IST" duration-ms="1" status="PASS">
          <reporter-output>
          </reporter-output>
        </test-method> <!-- beforeMethod -->
        <test-method signature="login()[pri:0, instance:LoginPage.loginPage@16293aa2]" started-at="2025-03-19T17:00:09 IST" name="login" finished-at="2025-03-19T17:00:11 IST" duration-ms="2697" status="PASS">
          <reporter-output>
          </reporter-output>
        </test-method> <!-- login -->
        <test-method is-config="true" signature="afterMethod()[pri:0, instance:LoginPage.loginPage@16293aa2]" started-at="2025-03-19T17:00:11 IST" name="afterMethod" finished-at="2025-03-19T17:00:15 IST" duration-ms="3308" status="PASS">
          <reporter-output>
          </reporter-output>
        </test-method> <!-- afterMethod -->
        <test-method is-config="true" signature="beforeMethod()[pri:0, instance:LoginPage.loginPage@16293aa2]" started-at="2025-03-19T17:00:15 IST" name="beforeMethod" finished-at="2025-03-19T17:00:15 IST" duration-ms="0" status="PASS">
          <reporter-output>
          </reporter-output>
        </test-method> <!-- beforeMethod -->
        <test-method signature="Home()[pri:1, instance:LoginPage.loginPage@16293aa2]" started-at="2025-03-19T17:00:15 IST" name="Home" finished-at="2025-03-19T17:00:19 IST" duration-ms="4472" status="PASS">
          <reporter-output>
          </reporter-output>
        </test-method> <!-- Home -->
        <test-method is-config="true" signature="afterMethod()[pri:0, instance:LoginPage.loginPage@16293aa2]" started-at="2025-03-19T17:00:19 IST" name="afterMethod" finished-at="2025-03-19T17:00:21 IST" duration-ms="2143" status="PASS">
          <reporter-output>
          </reporter-output>
        </test-method> <!-- afterMethod -->
        <test-method signature="add_emp()[pri:2, instance:LoginPage.loginPage@16293aa2]" started-at="2025-03-19T17:00:21 IST" name="add_emp" finished-at="2025-03-19T17:00:30 IST" duration-ms="9075" status="PASS">
          <reporter-output>
          </reporter-output>
        </test-method> <!-- add_emp -->
        <test-method is-config="true" signature="beforeMethod()[pri:0, instance:LoginPage.loginPage@16293aa2]" started-at="2025-03-19T17:00:21 IST" name="beforeMethod" finished-at="2025-03-19T17:00:21 IST" duration-ms="0" status="PASS">
          <reporter-output>
          </reporter-output>
        </test-method> <!-- beforeMethod -->
        <test-method is-config="true" signature="afterMethod()[pri:0, instance:LoginPage.loginPage@16293aa2]" started-at="2025-03-19T17:00:30 IST" name="afterMethod" finished-at="2025-03-19T17:00:33 IST" duration-ms="2165" status="PASS">
          <reporter-output>
          </reporter-output>
        </test-method> <!-- afterMethod -->
        <test-method is-config="true" signature="beforeMethod()[pri:0, instance:LoginPage.loginPage@16293aa2]" started-at="2025-03-19T17:00:33 IST" name="beforeMethod" finished-at="2025-03-19T17:00:33 IST" duration-ms="0" status="PASS">
          <reporter-output>
          </reporter-output>
        </test-method> <!-- beforeMethod -->
        <test-method signature="userCredential()[pri:3, instance:LoginPage.loginPage@16293aa2]" started-at="2025-03-19T17:00:33 IST" name="userCredential" finished-at="2025-03-19T17:00:46 IST" duration-ms="13585" status="PASS">
          <reporter-output>
          </reporter-output>
        </test-method> <!-- userCredential -->
        <test-method is-config="true" signature="afterMethod()[pri:0, instance:LoginPage.loginPage@16293aa2]" started-at="2025-03-19T17:00:46 IST" name="afterMethod" finished-at="2025-03-19T17:00:48 IST" duration-ms="2127" status="PASS">
          <reporter-output>
          </reporter-output>
        </test-method> <!-- afterMethod -->
        <test-method is-config="true" signature="afterClass()[pri:0, instance:LoginPage.loginPage@16293aa2]" started-at="2025-03-19T17:00:48 IST" name="afterClass" finished-at="2025-03-19T17:00:48 IST" duration-ms="0" status="PASS">
          <reporter-output>
          </reporter-output>
        </test-method> <!-- afterClass -->
      </class> <!-- LoginPage.loginPage -->
    </test> <!-- Default test -->
  </suite> <!-- Default suite -->
</testng-results>
