<?xml version="1.0" encoding="UTF-8"?>
<testng-results ignored="0" total="3" passed="3" failed="0" skipped="0">
  <reporter-output>
  </reporter-output>
  <suite started-at="2025-03-25T17:52:39 IST" name="Default suite" finished-at="2025-03-25T17:52:55 IST" duration-ms="16532">
    <groups>
    </groups>
    <test started-at="2025-03-25T17:52:39 IST" name="Default test" finished-at="2025-03-25T17:52:55 IST" duration-ms="16532">
      <class name="LoginPage.EmployeeAcc">
        <test-method is-config="true" signature="beforeClass()[pri:0, instance:LoginPage.EmployeeAcc@5c5eefef]" started-at="2025-03-25T17:52:39 IST" name="beforeClass" finished-at="2025-03-25T17:52:43 IST" duration-ms="3870" status="PASS">
          <reporter-output>
          </reporter-output>
        </test-method> <!-- beforeClass -->
        <test-method is-config="true" signature="beforeMethod()[pri:0, instance:LoginPage.EmployeeAcc@5c5eefef]" started-at="2025-03-25T17:52:43 IST" name="beforeMethod" finished-at="2025-03-25T17:52:43 IST" duration-ms="1" status="PASS">
          <reporter-output>
          </reporter-output>
        </test-method> <!-- beforeMethod -->
        <test-method signature="login()[pri:0, instance:LoginPage.EmployeeAcc@5c5eefef]" started-at="2025-03-25T17:52:43 IST" name="login" finished-at="2025-03-25T17:52:44 IST" duration-ms="765" status="PASS">
          <reporter-output>
          </reporter-output>
        </test-method> <!-- login -->
        <test-method is-config="true" signature="afterMethod()[pri:0, instance:LoginPage.EmployeeAcc@5c5eefef]" started-at="2025-03-25T17:52:44 IST" name="afterMethod" finished-at="2025-03-25T17:52:47 IST" duration-ms="3191" status="PASS">
          <reporter-output>
          </reporter-output>
        </test-method> <!-- afterMethod -->
        <test-method signature="add_emp()[pri:1, instance:LoginPage.EmployeeAcc@5c5eefef]" started-at="2025-03-25T17:52:47 IST" name="add_emp" finished-at="2025-03-25T17:52:50 IST" duration-ms="3094" status="PASS">
          <reporter-output>
          </reporter-output>
        </test-method> <!-- add_emp -->
        <test-method is-config="true" signature="beforeMethod()[pri:0, instance:LoginPage.EmployeeAcc@5c5eefef]" started-at="2025-03-25T17:52:47 IST" name="beforeMethod" finished-at="2025-03-25T17:52:47 IST" duration-ms="0" status="PASS">
          <reporter-output>
          </reporter-output>
        </test-method> <!-- beforeMethod -->
        <test-method is-config="true" signature="afterMethod()[pri:0, instance:LoginPage.EmployeeAcc@5c5eefef]" started-at="2025-03-25T17:52:50 IST" name="afterMethod" finished-at="2025-03-25T17:52:52 IST" duration-ms="2150" status="PASS">
          <reporter-output>
          </reporter-output>
        </test-method> <!-- afterMethod -->
        <test-method signature="logout()[pri:2, instance:LoginPage.EmployeeAcc@5c5eefef]" started-at="2025-03-25T17:52:52 IST" name="logout" finished-at="2025-03-25T17:52:53 IST" duration-ms="1145" status="PASS">
          <reporter-output>
          </reporter-output>
        </test-method> <!-- logout -->
        <test-method is-config="true" signature="beforeMethod()[pri:0, instance:LoginPage.EmployeeAcc@5c5eefef]" started-at="2025-03-25T17:52:52 IST" name="beforeMethod" finished-at="2025-03-25T17:52:52 IST" duration-ms="0" status="PASS">
          <reporter-output>
          </reporter-output>
        </test-method> <!-- beforeMethod -->
        <test-method is-config="true" signature="afterMethod()[pri:0, instance:LoginPage.EmployeeAcc@5c5eefef]" started-at="2025-03-25T17:52:53 IST" name="afterMethod" finished-at="2025-03-25T17:52:55 IST" duration-ms="2146" status="PASS">
          <reporter-output>
          </reporter-output>
        </test-method> <!-- afterMethod -->
        <test-method is-config="true" signature="afterClass()[pri:0, instance:LoginPage.EmployeeAcc@5c5eefef]" started-at="2025-03-25T17:52:55 IST" name="afterClass" finished-at="2025-03-25T17:52:55 IST" duration-ms="140" status="PASS">
          <reporter-output>
          </reporter-output>
        </test-method> <!-- afterClass -->
      </class> <!-- LoginPage.EmployeeAcc -->
    </test> <!-- Default test -->
  </suite> <!-- Default suite -->
</testng-results>
