<?xml version="1.0" encoding="UTF-8"?>
<testng-results ignored="0" total="4" passed="4" failed="0" skipped="0">
  <reporter-output>
  </reporter-output>
  <suite started-at="2025-03-18T12:30:00 IST" name="Default suite" finished-at="2025-03-18T12:30:37 IST" duration-ms="36599">
    <groups>
    </groups>
    <test started-at="2025-03-18T12:30:00 IST" name="Default test" finished-at="2025-03-18T12:30:37 IST" duration-ms="36599">
      <class name="LoginPage.loginPage">
        <test-method is-config="true" signature="beforeClass()[pri:0, instance:LoginPage.loginPage@564fabc8]" started-at="2025-03-18T12:30:00 IST" name="beforeClass" finished-at="2025-03-18T12:30:04 IST" duration-ms="4172" status="PASS">
          <reporter-output>
          </reporter-output>
        </test-method> <!-- beforeClass -->
        <test-method is-config="true" signature="beforeMethod()[pri:0, instance:LoginPage.loginPage@564fabc8]" started-at="2025-03-18T12:30:04 IST" name="beforeMethod" finished-at="2025-03-18T12:30:04 IST" duration-ms="0" status="PASS">
          <reporter-output>
          </reporter-output>
        </test-method> <!-- beforeMethod -->
        <test-method signature="login()[pri:0, instance:LoginPage.loginPage@564fabc8]" started-at="2025-03-18T12:30:04 IST" name="login" finished-at="2025-03-18T12:30:06 IST" duration-ms="2167" status="PASS">
          <reporter-output>
          </reporter-output>
        </test-method> <!-- login -->
        <test-method is-config="true" signature="afterMethod()[pri:0, instance:LoginPage.loginPage@564fabc8]" started-at="2025-03-18T12:30:06 IST" name="afterMethod" finished-at="2025-03-18T12:30:10 IST" duration-ms="3477" status="PASS">
          <reporter-output>
          </reporter-output>
        </test-method> <!-- afterMethod -->
        <test-method is-config="true" signature="beforeMethod()[pri:0, instance:LoginPage.loginPage@564fabc8]" started-at="2025-03-18T12:30:10 IST" name="beforeMethod" finished-at="2025-03-18T12:30:10 IST" duration-ms="1" status="PASS">
          <reporter-output>
          </reporter-output>
        </test-method> <!-- beforeMethod -->
        <test-method signature="Home()[pri:1, instance:LoginPage.loginPage@564fabc8]" started-at="2025-03-18T12:30:10 IST" name="Home" finished-at="2025-03-18T12:30:15 IST" duration-ms="5600" status="PASS">
          <reporter-output>
          </reporter-output>
        </test-method> <!-- Home -->
        <test-method is-config="true" signature="afterMethod()[pri:0, instance:LoginPage.loginPage@564fabc8]" started-at="2025-03-18T12:30:15 IST" name="afterMethod" finished-at="2025-03-18T12:30:18 IST" duration-ms="2144" status="PASS">
          <reporter-output>
          </reporter-output>
        </test-method> <!-- afterMethod -->
        <test-method signature="add_emp()[pri:2, instance:LoginPage.loginPage@564fabc8]" started-at="2025-03-18T12:30:18 IST" name="add_emp" finished-at="2025-03-18T12:30:26 IST" duration-ms="8786" status="PASS">
          <reporter-output>
          </reporter-output>
        </test-method> <!-- add_emp -->
        <test-method is-config="true" signature="beforeMethod()[pri:0, instance:LoginPage.loginPage@564fabc8]" started-at="2025-03-18T12:30:18 IST" name="beforeMethod" finished-at="2025-03-18T12:30:18 IST" duration-ms="0" status="PASS">
          <reporter-output>
          </reporter-output>
        </test-method> <!-- beforeMethod -->
        <test-method is-config="true" signature="afterMethod()[pri:0, instance:LoginPage.loginPage@564fabc8]" started-at="2025-03-18T12:30:26 IST" name="afterMethod" finished-at="2025-03-18T12:30:28 IST" duration-ms="2123" status="PASS">
          <reporter-output>
          </reporter-output>
        </test-method> <!-- afterMethod -->
        <test-method is-config="true" signature="beforeMethod()[pri:0, instance:LoginPage.loginPage@564fabc8]" started-at="2025-03-18T12:30:28 IST" name="beforeMethod" finished-at="2025-03-18T12:30:28 IST" duration-ms="0" status="PASS">
          <reporter-output>
          </reporter-output>
        </test-method> <!-- beforeMethod -->
        <test-method signature="logout()[pri:3, instance:LoginPage.loginPage@564fabc8]" started-at="2025-03-18T12:30:28 IST" name="logout" finished-at="2025-03-18T12:30:33 IST" duration-ms="4887" status="PASS">
          <reporter-output>
          </reporter-output>
        </test-method> <!-- logout -->
        <test-method is-config="true" signature="afterMethod()[pri:0, instance:LoginPage.loginPage@564fabc8]" started-at="2025-03-18T12:30:33 IST" name="afterMethod" finished-at="2025-03-18T12:30:36 IST" duration-ms="3070" status="PASS">
          <reporter-output>
          </reporter-output>
        </test-method> <!-- afterMethod -->
        <test-method is-config="true" signature="afterClass()[pri:0, instance:LoginPage.loginPage@564fabc8]" started-at="2025-03-18T12:30:36 IST" name="afterClass" finished-at="2025-03-18T12:30:37 IST" duration-ms="139" status="PASS">
          <reporter-output>
          </reporter-output>
        </test-method> <!-- afterClass -->
      </class> <!-- LoginPage.loginPage -->
    </test> <!-- Default test -->
  </suite> <!-- Default suite -->
</testng-results>
