<?xml version="1.0" encoding="UTF-8"?>
<testng-results ignored="0" total="4" passed="4" failed="0" skipped="0">
  <reporter-output>
  </reporter-output>
  <suite started-at="2025-03-18T18:29:53 IST" name="Default suite" finished-at="2025-03-18T18:30:26 IST" duration-ms="32928">
    <groups>
    </groups>
    <test started-at="2025-03-18T18:29:53 IST" name="Default test" finished-at="2025-03-18T18:30:26 IST" duration-ms="32928">
      <class name="LoginPage.loginPage">
        <test-method is-config="true" signature="beforeClass()[pri:0, instance:LoginPage.loginPage@564fabc8]" started-at="2025-03-18T18:29:53 IST" name="beforeClass" finished-at="2025-03-18T18:29:57 IST" duration-ms="3726" status="PASS">
          <reporter-output>
          </reporter-output>
        </test-method> <!-- beforeClass -->
        <test-method signature="login()[pri:0, instance:LoginPage.loginPage@564fabc8]" started-at="2025-03-18T18:29:57 IST" name="login" finished-at="2025-03-18T18:29:59 IST" duration-ms="2161" status="PASS">
          <reporter-output>
          </reporter-output>
        </test-method> <!-- login -->
        <test-method is-config="true" signature="beforeMethod()[pri:0, instance:LoginPage.loginPage@564fabc8]" started-at="2025-03-18T18:29:57 IST" name="beforeMethod" finished-at="2025-03-18T18:29:57 IST" duration-ms="0" status="PASS">
          <reporter-output>
          </reporter-output>
        </test-method> <!-- beforeMethod -->
        <test-method is-config="true" signature="afterMethod()[pri:0, instance:LoginPage.loginPage@564fabc8]" started-at="2025-03-18T18:29:59 IST" name="afterMethod" finished-at="2025-03-18T18:30:02 IST" duration-ms="3162" status="PASS">
          <reporter-output>
          </reporter-output>
        </test-method> <!-- afterMethod -->
        <test-method is-config="true" signature="beforeMethod()[pri:0, instance:LoginPage.loginPage@564fabc8]" started-at="2025-03-18T18:30:02 IST" name="beforeMethod" finished-at="2025-03-18T18:30:02 IST" duration-ms="1" status="PASS">
          <reporter-output>
          </reporter-output>
        </test-method> <!-- beforeMethod -->
        <test-method signature="Home()[pri:1, instance:LoginPage.loginPage@564fabc8]" started-at="2025-03-18T18:30:02 IST" name="Home" finished-at="2025-03-18T18:30:08 IST" duration-ms="5615" status="PASS">
          <reporter-output>
          </reporter-output>
        </test-method> <!-- Home -->
        <test-method is-config="true" signature="afterMethod()[pri:0, instance:LoginPage.loginPage@564fabc8]" started-at="2025-03-18T18:30:08 IST" name="afterMethod" finished-at="2025-03-18T18:30:10 IST" duration-ms="2185" status="PASS">
          <reporter-output>
          </reporter-output>
        </test-method> <!-- afterMethod -->
        <test-method is-config="true" signature="beforeMethod()[pri:0, instance:LoginPage.loginPage@564fabc8]" started-at="2025-03-18T18:30:10 IST" name="beforeMethod" finished-at="2025-03-18T18:30:10 IST" duration-ms="0" status="PASS">
          <reporter-output>
          </reporter-output>
        </test-method> <!-- beforeMethod -->
        <test-method signature="add_emp()[pri:2, instance:LoginPage.loginPage@564fabc8]" started-at="2025-03-18T18:30:10 IST" name="add_emp" finished-at="2025-03-18T18:30:19 IST" duration-ms="8779" status="PASS">
          <reporter-output>
          </reporter-output>
        </test-method> <!-- add_emp -->
        <test-method is-config="true" signature="afterMethod()[pri:0, instance:LoginPage.loginPage@564fabc8]" started-at="2025-03-18T18:30:19 IST" name="afterMethod" finished-at="2025-03-18T18:30:21 IST" duration-ms="2179" status="PASS">
          <reporter-output>
          </reporter-output>
        </test-method> <!-- afterMethod -->
        <test-method is-config="true" signature="beforeMethod()[pri:0, instance:LoginPage.loginPage@564fabc8]" started-at="2025-03-18T18:30:21 IST" name="beforeMethod" finished-at="2025-03-18T18:30:21 IST" duration-ms="0" status="PASS">
          <reporter-output>
          </reporter-output>
        </test-method> <!-- beforeMethod -->
        <test-method signature="logout()[pri:3, instance:LoginPage.loginPage@564fabc8]" started-at="2025-03-18T18:30:21 IST" name="logout" finished-at="2025-03-18T18:30:24 IST" duration-ms="2787" status="PASS">
          <reporter-output>
          </reporter-output>
        </test-method> <!-- logout -->
        <test-method is-config="true" signature="afterMethod()[pri:0, instance:LoginPage.loginPage@564fabc8]" started-at="2025-03-18T18:30:24 IST" name="afterMethod" finished-at="2025-03-18T18:30:26 IST" duration-ms="2156" status="PASS">
          <reporter-output>
          </reporter-output>
        </test-method> <!-- afterMethod -->
        <test-method is-config="true" signature="afterClass()[pri:0, instance:LoginPage.loginPage@564fabc8]" started-at="2025-03-18T18:30:26 IST" name="afterClass" finished-at="2025-03-18T18:30:26 IST" duration-ms="144" status="PASS">
          <reporter-output>
          </reporter-output>
        </test-method> <!-- afterClass -->
      </class> <!-- LoginPage.loginPage -->
    </test> <!-- Default test -->
  </suite> <!-- Default suite -->
</testng-results>
