<?xml version="1.0" encoding="UTF-8"?>
<testng-results ignored="0" total="3" passed="3" failed="0" skipped="0">
  <reporter-output>
  </reporter-output>
  <suite started-at="2025-03-25T17:41:13 IST" name="Default suite" finished-at="2025-03-25T17:41:30 IST" duration-ms="17807">
    <groups>
    </groups>
    <test started-at="2025-03-25T17:41:13 IST" name="Default test" finished-at="2025-03-25T17:41:30 IST" duration-ms="17807">
      <class name="LoginPage.EmployeeAcc">
        <test-method is-config="true" signature="beforeClass()[pri:0, instance:LoginPage.EmployeeAcc@5c5eefef]" started-at="2025-03-25T17:41:13 IST" name="beforeClass" finished-at="2025-03-25T17:41:17 IST" duration-ms="4481" status="PASS">
          <reporter-output>
          </reporter-output>
        </test-method> <!-- beforeClass -->
        <test-method is-config="true" signature="beforeMethod()[pri:0, instance:LoginPage.EmployeeAcc@5c5eefef]" started-at="2025-03-25T17:41:17 IST" name="beforeMethod" finished-at="2025-03-25T17:41:17 IST" duration-ms="0" status="PASS">
          <reporter-output>
          </reporter-output>
        </test-method> <!-- beforeMethod -->
        <test-method signature="login()[pri:0, instance:LoginPage.EmployeeAcc@5c5eefef]" started-at="2025-03-25T17:41:17 IST" name="login" finished-at="2025-03-25T17:41:18 IST" duration-ms="731" status="PASS">
          <reporter-output>
          </reporter-output>
        </test-method> <!-- login -->
        <test-method is-config="true" signature="afterMethod()[pri:0, instance:LoginPage.EmployeeAcc@5c5eefef]" started-at="2025-03-25T17:41:18 IST" name="afterMethod" finished-at="2025-03-25T17:41:22 IST" duration-ms="3731" status="PASS">
          <reporter-output>
          </reporter-output>
        </test-method> <!-- afterMethod -->
        <test-method is-config="true" signature="beforeMethod()[pri:0, instance:LoginPage.EmployeeAcc@5c5eefef]" started-at="2025-03-25T17:41:22 IST" name="beforeMethod" finished-at="2025-03-25T17:41:22 IST" duration-ms="1" status="PASS">
          <reporter-output>
          </reporter-output>
        </test-method> <!-- beforeMethod -->
        <test-method signature="add_emp()[pri:1, instance:LoginPage.EmployeeAcc@5c5eefef]" started-at="2025-03-25T17:41:22 IST" name="add_emp" finished-at="2025-03-25T17:41:25 IST" duration-ms="3352" status="PASS">
          <reporter-output>
          </reporter-output>
        </test-method> <!-- add_emp -->
        <test-method is-config="true" signature="afterMethod()[pri:0, instance:LoginPage.EmployeeAcc@5c5eefef]" started-at="2025-03-25T17:41:25 IST" name="afterMethod" finished-at="2025-03-25T17:41:27 IST" duration-ms="2186" status="PASS">
          <reporter-output>
          </reporter-output>
        </test-method> <!-- afterMethod -->
        <test-method signature="logout()[pri:2, instance:LoginPage.EmployeeAcc@5c5eefef]" started-at="2025-03-25T17:41:27 IST" name="logout" finished-at="2025-03-25T17:41:28 IST" duration-ms="1000" status="PASS">
          <reporter-output>
          </reporter-output>
        </test-method> <!-- logout -->
        <test-method is-config="true" signature="beforeMethod()[pri:0, instance:LoginPage.EmployeeAcc@5c5eefef]" started-at="2025-03-25T17:41:27 IST" name="beforeMethod" finished-at="2025-03-25T17:41:27 IST" duration-ms="0" status="PASS">
          <reporter-output>
          </reporter-output>
        </test-method> <!-- beforeMethod -->
        <test-method is-config="true" signature="afterMethod()[pri:0, instance:LoginPage.EmployeeAcc@5c5eefef]" started-at="2025-03-25T17:41:28 IST" name="afterMethod" finished-at="2025-03-25T17:41:30 IST" duration-ms="2155" status="PASS">
          <reporter-output>
          </reporter-output>
        </test-method> <!-- afterMethod -->
        <test-method is-config="true" signature="afterClass()[pri:0, instance:LoginPage.EmployeeAcc@5c5eefef]" started-at="2025-03-25T17:41:30 IST" name="afterClass" finished-at="2025-03-25T17:41:30 IST" duration-ms="140" status="PASS">
          <reporter-output>
          </reporter-output>
        </test-method> <!-- afterClass -->
      </class> <!-- LoginPage.EmployeeAcc -->
    </test> <!-- Default test -->
  </suite> <!-- Default suite -->
</testng-results>
