<?xml version="1.0" encoding="UTF-8"?>
<testng-results ignored="0" total="4" passed="4" failed="0" skipped="0">
  <reporter-output>
  </reporter-output>
  <suite started-at="2025-03-19T15:26:06 IST" name="Default suite" finished-at="2025-03-19T15:26:36 IST" duration-ms="30302">
    <groups>
    </groups>
    <test started-at="2025-03-19T15:26:06 IST" name="Default test" finished-at="2025-03-19T15:26:36 IST" duration-ms="30302">
      <class name="LoginPage.loginPage">
        <test-method is-config="true" signature="beforeClass()[pri:0, instance:LoginPage.loginPage@10e31a9a]" started-at="2025-03-19T15:26:06 IST" name="beforeClass" finished-at="2025-03-19T15:26:09 IST" duration-ms="3708" status="PASS">
          <reporter-output>
          </reporter-output>
        </test-method> <!-- beforeClass -->
        <test-method is-config="true" signature="beforeMethod()[pri:0, instance:LoginPage.loginPage@10e31a9a]" started-at="2025-03-19T15:26:09 IST" name="beforeMethod" finished-at="2025-03-19T15:26:09 IST" duration-ms="0" status="PASS">
          <reporter-output>
          </reporter-output>
        </test-method> <!-- beforeMethod -->
        <test-method signature="login()[pri:0, instance:LoginPage.loginPage@10e31a9a]" started-at="2025-03-19T15:26:09 IST" name="login" finished-at="2025-03-19T15:26:12 IST" duration-ms="2652" status="PASS">
          <reporter-output>
          </reporter-output>
        </test-method> <!-- login -->
        <test-method is-config="true" signature="afterMethod()[pri:0, instance:LoginPage.loginPage@10e31a9a]" started-at="2025-03-19T15:26:12 IST" name="afterMethod" finished-at="2025-03-19T15:26:15 IST" duration-ms="3024" status="PASS">
          <reporter-output>
          </reporter-output>
        </test-method> <!-- afterMethod -->
        <test-method is-config="true" signature="beforeMethod()[pri:0, instance:LoginPage.loginPage@10e31a9a]" started-at="2025-03-19T15:26:15 IST" name="beforeMethod" finished-at="2025-03-19T15:26:15 IST" duration-ms="1" status="PASS">
          <reporter-output>
          </reporter-output>
        </test-method> <!-- beforeMethod -->
        <test-method signature="Home()[pri:1, instance:LoginPage.loginPage@10e31a9a]" started-at="2025-03-19T15:26:15 IST" name="Home" finished-at="2025-03-19T15:26:18 IST" duration-ms="2737" status="PASS">
          <reporter-output>
          </reporter-output>
        </test-method> <!-- Home -->
        <test-method is-config="true" signature="afterMethod()[pri:0, instance:LoginPage.loginPage@10e31a9a]" started-at="2025-03-19T15:26:18 IST" name="afterMethod" finished-at="2025-03-19T15:26:20 IST" duration-ms="2115" status="PASS">
          <reporter-output>
          </reporter-output>
        </test-method> <!-- afterMethod -->
        <test-method is-config="true" signature="beforeMethod()[pri:0, instance:LoginPage.loginPage@10e31a9a]" started-at="2025-03-19T15:26:20 IST" name="beforeMethod" finished-at="2025-03-19T15:26:20 IST" duration-ms="0" status="PASS">
          <reporter-output>
          </reporter-output>
        </test-method> <!-- beforeMethod -->
        <test-method signature="add_emp()[pri:2, instance:LoginPage.loginPage@10e31a9a]" started-at="2025-03-19T15:26:20 IST" name="add_emp" finished-at="2025-03-19T15:26:29 IST" duration-ms="8736" status="PASS">
          <reporter-output>
          </reporter-output>
        </test-method> <!-- add_emp -->
        <test-method is-config="true" signature="afterMethod()[pri:0, instance:LoginPage.loginPage@10e31a9a]" started-at="2025-03-19T15:26:29 IST" name="afterMethod" finished-at="2025-03-19T15:26:31 IST" duration-ms="2146" status="PASS">
          <reporter-output>
          </reporter-output>
        </test-method> <!-- afterMethod -->
        <test-method signature="userCredential()[pri:3, instance:LoginPage.loginPage@10e31a9a]" started-at="2025-03-19T15:26:31 IST" name="userCredential" finished-at="2025-03-19T15:26:34 IST" duration-ms="2880" status="PASS">
          <reporter-output>
          </reporter-output>
        </test-method> <!-- userCredential -->
        <test-method is-config="true" signature="beforeMethod()[pri:0, instance:LoginPage.loginPage@10e31a9a]" started-at="2025-03-19T15:26:31 IST" name="beforeMethod" finished-at="2025-03-19T15:26:31 IST" duration-ms="0" status="PASS">
          <reporter-output>
          </reporter-output>
        </test-method> <!-- beforeMethod -->
        <test-method is-config="true" signature="afterMethod()[pri:0, instance:LoginPage.loginPage@10e31a9a]" started-at="2025-03-19T15:26:34 IST" name="afterMethod" finished-at="2025-03-19T15:26:36 IST" duration-ms="2132" status="PASS">
          <reporter-output>
          </reporter-output>
        </test-method> <!-- afterMethod -->
        <test-method is-config="true" signature="afterClass()[pri:0, instance:LoginPage.loginPage@10e31a9a]" started-at="2025-03-19T15:26:36 IST" name="afterClass" finished-at="2025-03-19T15:26:36 IST" duration-ms="139" status="PASS">
          <reporter-output>
          </reporter-output>
        </test-method> <!-- afterClass -->
      </class> <!-- LoginPage.loginPage -->
    </test> <!-- Default test -->
  </suite> <!-- Default suite -->
</testng-results>
