<?xml version="1.0" encoding="UTF-8"?>
<testng-results ignored="0" total="4" passed="4" failed="0" skipped="0">
  <reporter-output>
  </reporter-output>
  <suite started-at="2025-03-20T14:06:48 IST" name="Default suite" finished-at="2025-03-20T14:07:28 IST" duration-ms="40719">
    <groups>
    </groups>
    <test started-at="2025-03-20T14:06:48 IST" name="Default test" finished-at="2025-03-20T14:07:28 IST" duration-ms="40719">
      <class name="LoginPage.loginPage">
        <test-method is-config="true" signature="beforeClass()[pri:0, instance:LoginPage.loginPage@49ec71f8]" started-at="2025-03-20T14:06:48 IST" name="beforeClass" finished-at="2025-03-20T14:06:52 IST" duration-ms="4135" status="PASS">
          <reporter-output>
          </reporter-output>
        </test-method> <!-- beforeClass -->
        <test-method is-config="true" signature="beforeMethod()[pri:0, instance:LoginPage.loginPage@49ec71f8]" started-at="2025-03-20T14:06:52 IST" name="beforeMethod" finished-at="2025-03-20T14:06:52 IST" duration-ms="0" status="PASS">
          <reporter-output>
          </reporter-output>
        </test-method> <!-- beforeMethod -->
        <test-method signature="login()[pri:0, instance:LoginPage.loginPage@49ec71f8]" started-at="2025-03-20T14:06:52 IST" name="login" finished-at="2025-03-20T14:06:54 IST" duration-ms="2649" status="PASS">
          <reporter-output>
          </reporter-output>
        </test-method> <!-- login -->
        <test-method is-config="true" signature="afterMethod()[pri:0, instance:LoginPage.loginPage@49ec71f8]" started-at="2025-03-20T14:06:54 IST" name="afterMethod" finished-at="2025-03-20T14:06:58 IST" duration-ms="3160" status="PASS">
          <reporter-output>
          </reporter-output>
        </test-method> <!-- afterMethod -->
        <test-method is-config="true" signature="beforeMethod()[pri:0, instance:LoginPage.loginPage@49ec71f8]" started-at="2025-03-20T14:06:58 IST" name="beforeMethod" finished-at="2025-03-20T14:06:58 IST" duration-ms="0" status="PASS">
          <reporter-output>
          </reporter-output>
        </test-method> <!-- beforeMethod -->
        <test-method signature="Home()[pri:1, instance:LoginPage.loginPage@49ec71f8]" started-at="2025-03-20T14:06:58 IST" name="Home" finished-at="2025-03-20T14:07:00 IST" duration-ms="2831" status="PASS">
          <reporter-output>
          </reporter-output>
        </test-method> <!-- Home -->
        <test-method is-config="true" signature="afterMethod()[pri:0, instance:LoginPage.loginPage@49ec71f8]" started-at="2025-03-20T14:07:00 IST" name="afterMethod" finished-at="2025-03-20T14:07:03 IST" duration-ms="2108" status="PASS">
          <reporter-output>
          </reporter-output>
        </test-method> <!-- afterMethod -->
        <test-method signature="verifying()[pri:2, instance:LoginPage.loginPage@49ec71f8]" started-at="2025-03-20T14:07:03 IST" name="verifying" finished-at="2025-03-20T14:07:19 IST" duration-ms="16473" status="PASS">
          <reporter-output>
          </reporter-output>
        </test-method> <!-- verifying -->
        <test-method is-config="true" signature="beforeMethod()[pri:0, instance:LoginPage.loginPage@49ec71f8]" started-at="2025-03-20T14:07:03 IST" name="beforeMethod" finished-at="2025-03-20T14:07:03 IST" duration-ms="0" status="PASS">
          <reporter-output>
          </reporter-output>
        </test-method> <!-- beforeMethod -->
        <test-method is-config="true" signature="afterMethod()[pri:0, instance:LoginPage.loginPage@49ec71f8]" started-at="2025-03-20T14:07:19 IST" name="afterMethod" finished-at="2025-03-20T14:07:21 IST" duration-ms="2151" status="PASS">
          <reporter-output>
          </reporter-output>
        </test-method> <!-- afterMethod -->
        <test-method is-config="true" signature="beforeMethod()[pri:0, instance:LoginPage.loginPage@49ec71f8]" started-at="2025-03-20T14:07:21 IST" name="beforeMethod" finished-at="2025-03-20T14:07:21 IST" duration-ms="0" status="PASS">
          <reporter-output>
          </reporter-output>
        </test-method> <!-- beforeMethod -->
        <test-method signature="logout()[pri:3, instance:LoginPage.loginPage@49ec71f8]" started-at="2025-03-20T14:07:21 IST" name="logout" finished-at="2025-03-20T14:07:26 IST" duration-ms="4935" status="PASS">
          <reporter-output>
          </reporter-output>
        </test-method> <!-- logout -->
        <test-method is-config="true" signature="afterMethod()[pri:0, instance:LoginPage.loginPage@49ec71f8]" started-at="2025-03-20T14:07:26 IST" name="afterMethod" finished-at="2025-03-20T14:07:28 IST" duration-ms="2107" status="PASS">
          <reporter-output>
          </reporter-output>
        </test-method> <!-- afterMethod -->
        <test-method is-config="true" signature="afterClass()[pri:0, instance:LoginPage.loginPage@49ec71f8]" started-at="2025-03-20T14:07:28 IST" name="afterClass" finished-at="2025-03-20T14:07:28 IST" duration-ms="138" status="PASS">
          <reporter-output>
          </reporter-output>
        </test-method> <!-- afterClass -->
      </class> <!-- LoginPage.loginPage -->
    </test> <!-- Default test -->
  </suite> <!-- Default suite -->
</testng-results>
