<?xml version="1.0" encoding="UTF-8"?>
<testng-results ignored="0" total="2" passed="2" failed="0" skipped="0">
  <reporter-output>
  </reporter-output>
  <suite started-at="2025-03-31T17:08:24 IST" name="Default suite" finished-at="2025-03-31T17:08:40 IST" duration-ms="16028">
    <groups>
    </groups>
    <test started-at="2025-03-31T17:08:24 IST" name="Default test" finished-at="2025-03-31T17:08:40 IST" duration-ms="16028">
      <class name="TestScripts.SanctionLeave">
        <test-method is-config="true" signature="beforeTest()[pri:0, instance:TestScripts.SanctionLeave@1189dd52]" started-at="2025-03-31T17:08:24 IST" name="beforeTest" finished-at="2025-03-31T17:08:28 IST" duration-ms="4429" status="PASS">
          <reporter-output>
          </reporter-output>
        </test-method> <!-- beforeTest -->
        <test-method is-config="true" signature="beforeClass()[pri:0, instance:TestScripts.SanctionLeave@1189dd52]" started-at="2025-03-31T17:08:28 IST" name="beforeClass" finished-at="2025-03-31T17:08:28 IST" duration-ms="0" status="PASS">
          <reporter-output>
          </reporter-output>
        </test-method> <!-- beforeClass -->
        <test-method signature="login()[pri:0, instance:TestScripts.SanctionLeave@1189dd52]" started-at="2025-03-31T17:08:28 IST" name="login" finished-at="2025-03-31T17:08:29 IST" duration-ms="730" status="PASS">
          <reporter-output>
          </reporter-output>
        </test-method> <!-- login -->
        <test-method is-config="true" signature="beforeMethod()[pri:0, instance:TestScripts.SanctionLeave@1189dd52]" started-at="2025-03-31T17:08:28 IST" name="beforeMethod" finished-at="2025-03-31T17:08:28 IST" duration-ms="0" status="PASS">
          <reporter-output>
          </reporter-output>
        </test-method> <!-- beforeMethod -->
        <test-method is-config="true" signature="afterMethod()[pri:0, instance:TestScripts.SanctionLeave@1189dd52]" started-at="2025-03-31T17:08:29 IST" name="afterMethod" finished-at="2025-03-31T17:08:29 IST" duration-ms="0" status="PASS">
          <reporter-output>
          </reporter-output>
        </test-method> <!-- afterMethod -->
        <test-method signature="leave()[pri:1, instance:TestScripts.SanctionLeave@1189dd52]" started-at="2025-03-31T17:08:29 IST" name="leave" finished-at="2025-03-31T17:08:38 IST" duration-ms="8991" status="PASS">
          <reporter-output>
          </reporter-output>
        </test-method> <!-- leave -->
        <test-method is-config="true" signature="beforeMethod()[pri:0, instance:TestScripts.SanctionLeave@1189dd52]" started-at="2025-03-31T17:08:29 IST" name="beforeMethod" finished-at="2025-03-31T17:08:29 IST" duration-ms="0" status="PASS">
          <reporter-output>
          </reporter-output>
        </test-method> <!-- beforeMethod -->
        <test-method is-config="true" signature="afterMethod()[pri:0, instance:TestScripts.SanctionLeave@1189dd52]" started-at="2025-03-31T17:08:38 IST" name="afterMethod" finished-at="2025-03-31T17:08:38 IST" duration-ms="0" status="PASS">
          <reporter-output>
          </reporter-output>
        </test-method> <!-- afterMethod -->
        <test-method is-config="true" signature="afterClass()[pri:0, instance:TestScripts.SanctionLeave@1189dd52]" started-at="2025-03-31T17:08:38 IST" name="afterClass" finished-at="2025-03-31T17:08:40 IST" duration-ms="1733" status="PASS">
          <reporter-output>
          </reporter-output>
        </test-method> <!-- afterClass -->
        <test-method is-config="true" signature="afterTest()[pri:0, instance:TestScripts.SanctionLeave@1189dd52]" started-at="2025-03-31T17:08:40 IST" name="afterTest" finished-at="2025-03-31T17:08:40 IST" duration-ms="120" status="PASS">
          <reporter-output>
          </reporter-output>
        </test-method> <!-- afterTest -->
      </class> <!-- TestScripts.SanctionLeave -->
    </test> <!-- Default test -->
  </suite> <!-- Default suite -->
</testng-results>
