<?xml version="1.0" encoding="UTF-8"?>
<testng-results ignored="0" total="3" passed="3" failed="0" skipped="0">
  <reporter-output>
  </reporter-output>
  <suite started-at="2025-03-27T18:20:10 IST" name="Default suite" finished-at="2025-03-27T18:20:32 IST" duration-ms="21829">
    <groups>
    </groups>
    <test started-at="2025-03-27T18:20:10 IST" name="Default test" finished-at="2025-03-27T18:20:32 IST" duration-ms="21829">
      <class name="LoginPage.LeaveBalance">
        <test-method is-config="true" signature="beforeClass()[pri:0, instance:LoginPage.LeaveBalance@35cabb2a]" started-at="2025-03-27T18:20:10 IST" name="beforeClass" finished-at="2025-03-27T18:20:19 IST" duration-ms="9024" status="PASS">
          <reporter-output>
          </reporter-output>
        </test-method> <!-- beforeClass -->
        <test-method is-config="true" signature="beforeMethod()[pri:0, instance:LoginPage.LeaveBalance@35cabb2a]" started-at="2025-03-27T18:20:19 IST" name="beforeMethod" finished-at="2025-03-27T18:20:20 IST" duration-ms="125" status="PASS">
          <reporter-output>
          </reporter-output>
        </test-method> <!-- beforeMethod -->
        <test-method signature="login()[pri:0, instance:LoginPage.LeaveBalance@35cabb2a]" started-at="2025-03-27T18:20:20 IST" name="login" finished-at="2025-03-27T18:20:21 IST" duration-ms="1011" status="PASS">
          <reporter-output>
          </reporter-output>
        </test-method> <!-- login -->
        <test-method is-config="true" signature="afterMethod()[pri:0, instance:LoginPage.LeaveBalance@35cabb2a]" started-at="2025-03-27T18:20:21 IST" name="afterMethod" finished-at="2025-03-27T18:20:21 IST" duration-ms="1" status="PASS">
          <reporter-output>
          </reporter-output>
        </test-method> <!-- afterMethod -->
        <test-method is-config="true" signature="beforeMethod()[pri:0, instance:LoginPage.LeaveBalance@35cabb2a]" started-at="2025-03-27T18:20:21 IST" name="beforeMethod" finished-at="2025-03-27T18:20:22 IST" duration-ms="1005" status="PASS">
          <reporter-output>
          </reporter-output>
        </test-method> <!-- beforeMethod -->
        <test-method signature="leave()[pri:1, instance:LoginPage.LeaveBalance@35cabb2a]" started-at="2025-03-27T18:20:22 IST" name="leave" finished-at="2025-03-27T18:20:31 IST" duration-ms="9403" status="PASS">
          <reporter-output>
          </reporter-output>
        </test-method> <!-- leave -->
        <test-method is-config="true" signature="afterMethod()[pri:0, instance:LoginPage.LeaveBalance@35cabb2a]" started-at="2025-03-27T18:20:31 IST" name="afterMethod" finished-at="2025-03-27T18:20:31 IST" duration-ms="0" status="PASS">
          <reporter-output>
          </reporter-output>
        </test-method> <!-- afterMethod -->
        <test-method is-config="true" signature="beforeMethod()[pri:0, instance:LoginPage.LeaveBalance@35cabb2a]" started-at="2025-03-27T18:20:31 IST" name="beforeMethod" finished-at="2025-03-27T18:20:31 IST" duration-ms="146" status="PASS">
          <reporter-output>
          </reporter-output>
        </test-method> <!-- beforeMethod -->
        <test-method signature="logout()[pri:2, instance:LoginPage.LeaveBalance@35cabb2a]" started-at="2025-03-27T18:20:31 IST" name="logout" finished-at="2025-03-27T18:20:32 IST" duration-ms="957" status="PASS">
          <reporter-output>
          </reporter-output>
        </test-method> <!-- logout -->
        <test-method is-config="true" signature="afterClass()[pri:0, instance:LoginPage.LeaveBalance@35cabb2a]" started-at="2025-03-27T18:20:32 IST" name="afterClass" finished-at="2025-03-27T18:20:32 IST" duration-ms="128" status="PASS">
          <reporter-output>
          </reporter-output>
        </test-method> <!-- afterClass -->
        <test-method is-config="true" signature="afterMethod()[pri:0, instance:LoginPage.LeaveBalance@35cabb2a]" started-at="2025-03-27T18:20:32 IST" name="afterMethod" finished-at="2025-03-27T18:20:32 IST" duration-ms="0" status="PASS">
          <reporter-output>
          </reporter-output>
        </test-method> <!-- afterMethod -->
      </class> <!-- LoginPage.LeaveBalance -->
    </test> <!-- Default test -->
  </suite> <!-- Default suite -->
</testng-results>
