<?xml version="1.0" encoding="UTF-8"?>
<testng-results ignored="0" total="4" passed="4" failed="0" skipped="0">
  <reporter-output>
  </reporter-output>
  <suite started-at="2025-03-19T14:16:11 IST" name="Default suite" finished-at="2025-03-19T14:16:48 IST" duration-ms="36476">
    <groups>
    </groups>
    <test started-at="2025-03-19T14:16:11 IST" name="Default test" finished-at="2025-03-19T14:16:48 IST" duration-ms="36476">
      <class name="LoginPage.loginPage">
        <test-method is-config="true" signature="beforeClass()[pri:0, instance:LoginPage.loginPage@10e31a9a]" started-at="2025-03-19T14:16:11 IST" name="beforeClass" finished-at="2025-03-19T14:16:15 IST" duration-ms="3865" status="PASS">
          <reporter-output>
          </reporter-output>
        </test-method> <!-- beforeClass -->
        <test-method is-config="true" signature="beforeMethod()[pri:0, instance:LoginPage.loginPage@10e31a9a]" started-at="2025-03-19T14:16:15 IST" name="beforeMethod" finished-at="2025-03-19T14:16:15 IST" duration-ms="0" status="PASS">
          <reporter-output>
          </reporter-output>
        </test-method> <!-- beforeMethod -->
        <test-method signature="login()[pri:0, instance:LoginPage.loginPage@10e31a9a]" started-at="2025-03-19T14:16:15 IST" name="login" finished-at="2025-03-19T14:16:18 IST" duration-ms="2659" status="PASS">
          <reporter-output>
          </reporter-output>
        </test-method> <!-- login -->
        <test-method is-config="true" signature="afterMethod()[pri:0, instance:LoginPage.loginPage@10e31a9a]" started-at="2025-03-19T14:16:18 IST" name="afterMethod" finished-at="2025-03-19T14:16:21 IST" duration-ms="3031" status="PASS">
          <reporter-output>
          </reporter-output>
        </test-method> <!-- afterMethod -->
        <test-method is-config="true" signature="beforeMethod()[pri:0, instance:LoginPage.loginPage@10e31a9a]" started-at="2025-03-19T14:16:21 IST" name="beforeMethod" finished-at="2025-03-19T14:16:21 IST" duration-ms="1" status="PASS">
          <reporter-output>
          </reporter-output>
        </test-method> <!-- beforeMethod -->
        <test-method signature="Home()[pri:1, instance:LoginPage.loginPage@10e31a9a]" started-at="2025-03-19T14:16:21 IST" name="Home" finished-at="2025-03-19T14:16:26 IST" duration-ms="5460" status="PASS">
          <reporter-output>
          </reporter-output>
        </test-method> <!-- Home -->
        <test-method is-config="true" signature="afterMethod()[pri:0, instance:LoginPage.loginPage@10e31a9a]" started-at="2025-03-19T14:16:26 IST" name="afterMethod" finished-at="2025-03-19T14:16:28 IST" duration-ms="2101" status="PASS">
          <reporter-output>
          </reporter-output>
        </test-method> <!-- afterMethod -->
        <test-method signature="add_emp()[pri:2, instance:LoginPage.loginPage@10e31a9a]" started-at="2025-03-19T14:16:28 IST" name="add_emp" finished-at="2025-03-19T14:16:37 IST" duration-ms="8786" status="PASS">
          <reporter-output>
          </reporter-output>
        </test-method> <!-- add_emp -->
        <test-method is-config="true" signature="beforeMethod()[pri:0, instance:LoginPage.loginPage@10e31a9a]" started-at="2025-03-19T14:16:28 IST" name="beforeMethod" finished-at="2025-03-19T14:16:28 IST" duration-ms="0" status="PASS">
          <reporter-output>
          </reporter-output>
        </test-method> <!-- beforeMethod -->
        <test-method is-config="true" signature="afterMethod()[pri:0, instance:LoginPage.loginPage@10e31a9a]" started-at="2025-03-19T14:16:37 IST" name="afterMethod" finished-at="2025-03-19T14:16:39 IST" duration-ms="2125" status="PASS">
          <reporter-output>
          </reporter-output>
        </test-method> <!-- afterMethod -->
        <test-method signature="logout()[pri:3, instance:LoginPage.loginPage@10e31a9a]" started-at="2025-03-19T14:16:39 IST" name="logout" finished-at="2025-03-19T14:16:44 IST" duration-ms="5100" status="PASS">
          <reporter-output>
          </reporter-output>
        </test-method> <!-- logout -->
        <test-method is-config="true" signature="beforeMethod()[pri:0, instance:LoginPage.loginPage@10e31a9a]" started-at="2025-03-19T14:16:39 IST" name="beforeMethod" finished-at="2025-03-19T14:16:39 IST" duration-ms="0" status="PASS">
          <reporter-output>
          </reporter-output>
        </test-method> <!-- beforeMethod -->
        <test-method is-config="true" signature="afterMethod()[pri:0, instance:LoginPage.loginPage@10e31a9a]" started-at="2025-03-19T14:16:44 IST" name="afterMethod" finished-at="2025-03-19T14:16:47 IST" duration-ms="3157" status="PASS">
          <reporter-output>
          </reporter-output>
        </test-method> <!-- afterMethod -->
        <test-method is-config="true" signature="afterClass()[pri:0, instance:LoginPage.loginPage@10e31a9a]" started-at="2025-03-19T14:16:47 IST" name="afterClass" finished-at="2025-03-19T14:16:48 IST" duration-ms="161" status="PASS">
          <reporter-output>
          </reporter-output>
        </test-method> <!-- afterClass -->
      </class> <!-- LoginPage.loginPage -->
    </test> <!-- Default test -->
  </suite> <!-- Default suite -->
</testng-results>
