<?xml version="1.0" encoding="UTF-8"?>
<testng-results ignored="0" total="2" passed="2" failed="0" skipped="0">
  <reporter-output>
  </reporter-output>
  <suite started-at="2025-03-28T16:02:41 IST" name="Default suite" finished-at="2025-03-28T16:02:52 IST" duration-ms="11523">
    <groups>
    </groups>
    <test started-at="2025-03-28T16:02:41 IST" name="Default test" finished-at="2025-03-28T16:02:52 IST" duration-ms="11523">
      <class name="TestScripts.SanctionLeave">
        <test-method is-config="true" signature="beforeClass()[pri:0, instance:TestScripts.SanctionLeave@79e2c065]" started-at="2025-03-28T16:02:41 IST" name="beforeClass" finished-at="2025-03-28T16:02:46 IST" duration-ms="5690" status="PASS">
          <reporter-output>
          </reporter-output>
        </test-method> <!-- beforeClass -->
        <test-method is-config="true" signature="beforeMethod()[pri:0, instance:TestScripts.SanctionLeave@79e2c065]" started-at="2025-03-28T16:02:46 IST" name="beforeMethod" finished-at="2025-03-28T16:02:46 IST" duration-ms="1" status="PASS">
          <reporter-output>
          </reporter-output>
        </test-method> <!-- beforeMethod -->
        <test-method signature="login()[pri:0, instance:TestScripts.SanctionLeave@79e2c065]" started-at="2025-03-28T16:02:46 IST" name="login" finished-at="2025-03-28T16:02:48 IST" duration-ms="1988" status="PASS">
          <reporter-output>
          </reporter-output>
        </test-method> <!-- login -->
        <test-method is-config="true" signature="afterMethod()[pri:0, instance:TestScripts.SanctionLeave@79e2c065]" started-at="2025-03-28T16:02:48 IST" name="afterMethod" finished-at="2025-03-28T16:02:48 IST" duration-ms="1" status="PASS">
          <reporter-output>
          </reporter-output>
        </test-method> <!-- afterMethod -->
        <test-method signature="leave()[pri:1, instance:TestScripts.SanctionLeave@79e2c065]" started-at="2025-03-28T16:02:48 IST" name="leave" finished-at="2025-03-28T16:02:52 IST" duration-ms="3633" status="PASS">
          <reporter-output>
          </reporter-output>
        </test-method> <!-- leave -->
        <test-method is-config="true" signature="beforeMethod()[pri:0, instance:TestScripts.SanctionLeave@79e2c065]" started-at="2025-03-28T16:02:48 IST" name="beforeMethod" finished-at="2025-03-28T16:02:48 IST" duration-ms="0" status="PASS">
          <reporter-output>
          </reporter-output>
        </test-method> <!-- beforeMethod -->
        <test-method is-config="true" signature="afterMethod()[pri:0, instance:TestScripts.SanctionLeave@79e2c065]" started-at="2025-03-28T16:02:52 IST" name="afterMethod" finished-at="2025-03-28T16:02:52 IST" duration-ms="1" status="PASS">
          <reporter-output>
          </reporter-output>
        </test-method> <!-- afterMethod -->
        <test-method is-config="true" signature="afterClass()[pri:0, instance:TestScripts.SanctionLeave@79e2c065]" started-at="2025-03-28T16:02:52 IST" name="afterClass" finished-at="2025-03-28T16:02:52 IST" duration-ms="156" status="PASS">
          <reporter-output>
          </reporter-output>
        </test-method> <!-- afterClass -->
      </class> <!-- TestScripts.SanctionLeave -->
    </test> <!-- Default test -->
  </suite> <!-- Default suite -->
</testng-results>
