<?xml version="1.0" encoding="UTF-8"?>
<testng-results ignored="0" total="4" passed="4" failed="0" skipped="0">
  <reporter-output>
  </reporter-output>
  <suite started-at="2025-03-25T16:05:26 IST" name="Default suite" finished-at="2025-03-25T16:05:57 IST" duration-ms="30948">
    <groups>
    </groups>
    <test started-at="2025-03-25T16:05:26 IST" name="Default test" finished-at="2025-03-25T16:05:57 IST" duration-ms="30948">
      <class name="LoginPage.AdminAcc">
        <test-method is-config="true" signature="beforeClass()[pri:0, instance:LoginPage.AdminAcc@16293aa2]" started-at="2025-03-25T16:05:26 IST" name="beforeClass" finished-at="2025-03-25T16:05:32 IST" duration-ms="5581" status="PASS">
          <reporter-output>
          </reporter-output>
        </test-method> <!-- beforeClass -->
        <test-method is-config="true" signature="beforeMethod()[pri:0, instance:LoginPage.AdminAcc@16293aa2]" started-at="2025-03-25T16:05:32 IST" name="beforeMethod" finished-at="2025-03-25T16:05:32 IST" duration-ms="1" status="PASS">
          <reporter-output>
          </reporter-output>
        </test-method> <!-- beforeMethod -->
        <test-method signature="login()[pri:0, instance:LoginPage.AdminAcc@16293aa2]" started-at="2025-03-25T16:05:32 IST" name="login" finished-at="2025-03-25T16:05:33 IST" duration-ms="888" status="PASS">
          <reporter-output>
          </reporter-output>
        </test-method> <!-- login -->
        <test-method is-config="true" signature="afterMethod()[pri:0, instance:LoginPage.AdminAcc@16293aa2]" started-at="2025-03-25T16:05:33 IST" name="afterMethod" finished-at="2025-03-25T16:05:36 IST" duration-ms="3426" status="PASS">
          <reporter-output>
          </reporter-output>
        </test-method> <!-- afterMethod -->
        <test-method is-config="true" signature="beforeMethod()[pri:0, instance:LoginPage.AdminAcc@16293aa2]" started-at="2025-03-25T16:05:36 IST" name="beforeMethod" finished-at="2025-03-25T16:05:36 IST" duration-ms="0" status="PASS">
          <reporter-output>
          </reporter-output>
        </test-method> <!-- beforeMethod -->
        <test-method signature="add_emp()[pri:1, instance:LoginPage.AdminAcc@16293aa2]" started-at="2025-03-25T16:05:36 IST" name="add_emp" finished-at="2025-03-25T16:05:42 IST" duration-ms="6005" status="PASS">
          <reporter-output>
          </reporter-output>
        </test-method> <!-- add_emp -->
        <test-method is-config="true" signature="afterMethod()[pri:0, instance:LoginPage.AdminAcc@16293aa2]" started-at="2025-03-25T16:05:42 IST" name="afterMethod" finished-at="2025-03-25T16:05:45 IST" duration-ms="2314" status="PASS">
          <reporter-output>
          </reporter-output>
        </test-method> <!-- afterMethod -->
        <test-method is-config="true" signature="beforeMethod()[pri:0, instance:LoginPage.AdminAcc@16293aa2]" started-at="2025-03-25T16:05:45 IST" name="beforeMethod" finished-at="2025-03-25T16:05:45 IST" duration-ms="1" status="PASS">
          <reporter-output>
          </reporter-output>
        </test-method> <!-- beforeMethod -->
        <test-method signature="userCredential()[pri:2, instance:LoginPage.AdminAcc@16293aa2]" started-at="2025-03-25T16:05:45 IST" name="userCredential" finished-at="2025-03-25T16:05:51 IST" duration-ms="6396" status="PASS">
          <reporter-output>
          </reporter-output>
        </test-method> <!-- userCredential -->
        <test-method is-config="true" signature="afterMethod()[pri:0, instance:LoginPage.AdminAcc@16293aa2]" started-at="2025-03-25T16:05:51 IST" name="afterMethod" finished-at="2025-03-25T16:05:53 IST" duration-ms="2295" status="PASS">
          <reporter-output>
          </reporter-output>
        </test-method> <!-- afterMethod -->
        <test-method signature="logout()[pri:3, instance:LoginPage.AdminAcc@16293aa2]" started-at="2025-03-25T16:05:53 IST" name="logout" finished-at="2025-03-25T16:05:55 IST" duration-ms="1492" status="PASS">
          <reporter-output>
          </reporter-output>
        </test-method> <!-- logout -->
        <test-method is-config="true" signature="beforeMethod()[pri:0, instance:LoginPage.AdminAcc@16293aa2]" started-at="2025-03-25T16:05:53 IST" name="beforeMethod" finished-at="2025-03-25T16:05:53 IST" duration-ms="0" status="PASS">
          <reporter-output>
          </reporter-output>
        </test-method> <!-- beforeMethod -->
        <test-method is-config="true" signature="afterMethod()[pri:0, instance:LoginPage.AdminAcc@16293aa2]" started-at="2025-03-25T16:05:55 IST" name="afterMethod" finished-at="2025-03-25T16:05:57 IST" duration-ms="2229" status="PASS">
          <reporter-output>
          </reporter-output>
        </test-method> <!-- afterMethod -->
        <test-method is-config="true" signature="afterClass()[pri:0, instance:LoginPage.AdminAcc@16293aa2]" started-at="2025-03-25T16:05:57 IST" name="afterClass" finished-at="2025-03-25T16:05:57 IST" duration-ms="227" status="PASS">
          <reporter-output>
          </reporter-output>
        </test-method> <!-- afterClass -->
      </class> <!-- LoginPage.AdminAcc -->
    </test> <!-- Default test -->
  </suite> <!-- Default suite -->
</testng-results>
