<?xml version="1.0" encoding="UTF-8"?>
<testng-results ignored="0" total="4" passed="4" failed="0" skipped="0">
  <reporter-output>
  </reporter-output>
  <suite started-at="2025-03-24T18:30:48 IST" name="Default suite" finished-at="2025-03-24T18:31:36 IST" duration-ms="48108">
    <groups>
    </groups>
    <test started-at="2025-03-24T18:30:48 IST" name="Default test" finished-at="2025-03-24T18:31:36 IST" duration-ms="48108">
      <class name="LoginPage.AdminAcc">
        <test-method is-config="true" signature="beforeClass()[pri:0, instance:LoginPage.AdminAcc@16293aa2]" started-at="2025-03-24T18:30:48 IST" name="beforeClass" finished-at="2025-03-24T18:30:58 IST" duration-ms="9954" status="PASS">
          <reporter-output>
          </reporter-output>
        </test-method> <!-- beforeClass -->
        <test-method is-config="true" signature="beforeMethod()[pri:0, instance:LoginPage.AdminAcc@16293aa2]" started-at="2025-03-24T18:30:58 IST" name="beforeMethod" finished-at="2025-03-24T18:30:58 IST" duration-ms="0" status="PASS">
          <reporter-output>
          </reporter-output>
        </test-method> <!-- beforeMethod -->
        <test-method signature="login()[pri:0, instance:LoginPage.AdminAcc@16293aa2]" started-at="2025-03-24T18:30:58 IST" name="login" finished-at="2025-03-24T18:31:00 IST" duration-ms="2196" status="PASS">
          <reporter-output>
          </reporter-output>
        </test-method> <!-- login -->
        <test-method is-config="true" signature="afterMethod()[pri:0, instance:LoginPage.AdminAcc@16293aa2]" started-at="2025-03-24T18:31:00 IST" name="afterMethod" finished-at="2025-03-24T18:31:03 IST" duration-ms="3179" status="PASS">
          <reporter-output>
          </reporter-output>
        </test-method> <!-- afterMethod -->
        <test-method is-config="true" signature="beforeMethod()[pri:0, instance:LoginPage.AdminAcc@16293aa2]" started-at="2025-03-24T18:31:03 IST" name="beforeMethod" finished-at="2025-03-24T18:31:03 IST" duration-ms="1" status="PASS">
          <reporter-output>
          </reporter-output>
        </test-method> <!-- beforeMethod -->
        <test-method signature="add_emp()[pri:1, instance:LoginPage.AdminAcc@16293aa2]" started-at="2025-03-24T18:31:03 IST" name="add_emp" finished-at="2025-03-24T18:31:09 IST" duration-ms="6036" status="PASS">
          <reporter-output>
          </reporter-output>
        </test-method> <!-- add_emp -->
        <test-method is-config="true" signature="afterMethod()[pri:0, instance:LoginPage.AdminAcc@16293aa2]" started-at="2025-03-24T18:31:09 IST" name="afterMethod" finished-at="2025-03-24T18:31:11 IST" duration-ms="2160" status="PASS">
          <reporter-output>
          </reporter-output>
        </test-method> <!-- afterMethod -->
        <test-method is-config="true" signature="beforeMethod()[pri:0, instance:LoginPage.AdminAcc@16293aa2]" started-at="2025-03-24T18:31:11 IST" name="beforeMethod" finished-at="2025-03-24T18:31:11 IST" duration-ms="0" status="PASS">
          <reporter-output>
          </reporter-output>
        </test-method> <!-- beforeMethod -->
        <test-method signature="userCredential()[pri:2, instance:LoginPage.AdminAcc@16293aa2]" started-at="2025-03-24T18:31:11 IST" name="userCredential" finished-at="2025-03-24T18:31:22 IST" duration-ms="10096" status="PASS">
          <reporter-output>
          </reporter-output>
        </test-method> <!-- userCredential -->
        <test-method is-config="true" signature="afterMethod()[pri:0, instance:LoginPage.AdminAcc@16293aa2]" started-at="2025-03-24T18:31:22 IST" name="afterMethod" finished-at="2025-03-24T18:31:24 IST" duration-ms="2165" status="PASS">
          <reporter-output>
          </reporter-output>
        </test-method> <!-- afterMethod -->
        <test-method is-config="true" signature="beforeMethod()[pri:0, instance:LoginPage.AdminAcc@16293aa2]" started-at="2025-03-24T18:31:24 IST" name="beforeMethod" finished-at="2025-03-24T18:31:24 IST" duration-ms="0" status="PASS">
          <reporter-output>
          </reporter-output>
        </test-method> <!-- beforeMethod -->
        <test-method signature="logout()[pri:3, instance:LoginPage.AdminAcc@16293aa2]" started-at="2025-03-24T18:31:24 IST" name="logout" finished-at="2025-03-24T18:31:34 IST" duration-ms="10001" status="PASS">
          <reporter-output>
          </reporter-output>
        </test-method> <!-- logout -->
        <test-method is-config="true" signature="afterMethod()[pri:0, instance:LoginPage.AdminAcc@16293aa2]" started-at="2025-03-24T18:31:34 IST" name="afterMethod" finished-at="2025-03-24T18:31:36 IST" duration-ms="2129" status="PASS">
          <reporter-output>
          </reporter-output>
        </test-method> <!-- afterMethod -->
        <test-method is-config="true" signature="afterClass()[pri:0, instance:LoginPage.AdminAcc@16293aa2]" started-at="2025-03-24T18:31:36 IST" name="afterClass" finished-at="2025-03-24T18:31:36 IST" duration-ms="155" status="PASS">
          <reporter-output>
          </reporter-output>
        </test-method> <!-- afterClass -->
      </class> <!-- LoginPage.AdminAcc -->
    </test> <!-- Default test -->
  </suite> <!-- Default suite -->
</testng-results>
