<?xml version="1.0" encoding="UTF-8"?>
<testng-results ignored="0" total="5" passed="5" failed="0" skipped="0">
  <reporter-output>
  </reporter-output>
  <suite started-at="2025-03-20T16:30:13 IST" name="Default suite" finished-at="2025-03-20T16:31:27 IST" duration-ms="73748">
    <groups>
    </groups>
    <test started-at="2025-03-20T16:30:13 IST" name="Default test" finished-at="2025-03-20T16:31:27 IST" duration-ms="73748">
      <class name="LoginPage.loginPage">
        <test-method is-config="true" signature="beforeClass()[pri:0, instance:LoginPage.loginPage@72d1ad2e]" started-at="2025-03-20T16:30:13 IST" name="beforeClass" finished-at="2025-03-20T16:30:22 IST" duration-ms="8131" status="PASS">
          <reporter-output>
          </reporter-output>
        </test-method> <!-- beforeClass -->
        <test-method is-config="true" signature="beforeMethod()[pri:0, instance:LoginPage.loginPage@72d1ad2e]" started-at="2025-03-20T16:30:22 IST" name="beforeMethod" finished-at="2025-03-20T16:30:22 IST" duration-ms="1" status="PASS">
          <reporter-output>
          </reporter-output>
        </test-method> <!-- beforeMethod -->
        <test-method signature="login()[pri:0, instance:LoginPage.loginPage@72d1ad2e]" started-at="2025-03-20T16:30:22 IST" name="login" finished-at="2025-03-20T16:30:24 IST" duration-ms="2738" status="PASS">
          <reporter-output>
          </reporter-output>
        </test-method> <!-- login -->
        <test-method is-config="true" signature="afterMethod()[pri:0, instance:LoginPage.loginPage@72d1ad2e]" started-at="2025-03-20T16:30:24 IST" name="afterMethod" finished-at="2025-03-20T16:30:28 IST" duration-ms="3355" status="PASS">
          <reporter-output>
          </reporter-output>
        </test-method> <!-- afterMethod -->
        <test-method is-config="true" signature="beforeMethod()[pri:0, instance:LoginPage.loginPage@72d1ad2e]" started-at="2025-03-20T16:30:28 IST" name="beforeMethod" finished-at="2025-03-20T16:30:28 IST" duration-ms="0" status="PASS">
          <reporter-output>
          </reporter-output>
        </test-method> <!-- beforeMethod -->
        <test-method signature="Home()[pri:1, instance:LoginPage.loginPage@72d1ad2e]" started-at="2025-03-20T16:30:28 IST" name="Home" finished-at="2025-03-20T16:30:31 IST" duration-ms="3871" status="PASS">
          <reporter-output>
          </reporter-output>
        </test-method> <!-- Home -->
        <test-method is-config="true" signature="afterMethod()[pri:0, instance:LoginPage.loginPage@72d1ad2e]" started-at="2025-03-20T16:30:32 IST" name="afterMethod" finished-at="2025-03-20T16:30:34 IST" duration-ms="2136" status="PASS">
          <reporter-output>
          </reporter-output>
        </test-method> <!-- afterMethod -->
        <test-method is-config="true" signature="beforeMethod()[pri:0, instance:LoginPage.loginPage@72d1ad2e]" started-at="2025-03-20T16:30:34 IST" name="beforeMethod" finished-at="2025-03-20T16:30:34 IST" duration-ms="1" status="PASS">
          <reporter-output>
          </reporter-output>
        </test-method> <!-- beforeMethod -->
        <test-method signature="verifying()[pri:2, instance:LoginPage.loginPage@72d1ad2e]" started-at="2025-03-20T16:30:34 IST" name="verifying" finished-at="2025-03-20T16:30:44 IST" duration-ms="10492" status="PASS">
          <reporter-output>
          </reporter-output>
        </test-method> <!-- verifying -->
        <test-method is-config="true" signature="afterMethod()[pri:0, instance:LoginPage.loginPage@72d1ad2e]" started-at="2025-03-20T16:30:44 IST" name="afterMethod" finished-at="2025-03-20T16:30:46 IST" duration-ms="2153" status="PASS">
          <reporter-output>
          </reporter-output>
        </test-method> <!-- afterMethod -->
        <test-method signature="logout()[pri:3, instance:LoginPage.loginPage@72d1ad2e]" started-at="2025-03-20T16:30:46 IST" name="logout" finished-at="2025-03-20T16:30:53 IST" duration-ms="7154" status="PASS">
          <reporter-output>
          </reporter-output>
        </test-method> <!-- logout -->
        <test-method is-config="true" signature="beforeMethod()[pri:0, instance:LoginPage.loginPage@72d1ad2e]" started-at="2025-03-20T16:30:46 IST" name="beforeMethod" finished-at="2025-03-20T16:30:46 IST" duration-ms="0" status="PASS">
          <reporter-output>
          </reporter-output>
        </test-method> <!-- beforeMethod -->
        <test-method is-config="true" signature="afterMethod()[pri:0, instance:LoginPage.loginPage@72d1ad2e]" started-at="2025-03-20T16:30:53 IST" name="afterMethod" finished-at="2025-03-20T16:30:56 IST" duration-ms="2109" status="PASS">
          <reporter-output>
          </reporter-output>
        </test-method> <!-- afterMethod -->
        <test-method signature="Employee()[pri:4, instance:LoginPage.loginPage@72d1ad2e]" started-at="2025-03-20T16:30:56 IST" name="Employee" finished-at="2025-03-20T16:31:25 IST" duration-ms="29251" status="PASS">
          <reporter-output>
          </reporter-output>
        </test-method> <!-- Employee -->
        <test-method is-config="true" signature="beforeMethod()[pri:0, instance:LoginPage.loginPage@72d1ad2e]" started-at="2025-03-20T16:30:56 IST" name="beforeMethod" finished-at="2025-03-20T16:30:56 IST" duration-ms="0" status="PASS">
          <reporter-output>
          </reporter-output>
        </test-method> <!-- beforeMethod -->
        <test-method is-config="true" signature="afterMethod()[pri:0, instance:LoginPage.loginPage@72d1ad2e]" started-at="2025-03-20T16:31:25 IST" name="afterMethod" finished-at="2025-03-20T16:31:27 IST" duration-ms="2160" status="PASS">
          <reporter-output>
          </reporter-output>
        </test-method> <!-- afterMethod -->
        <test-method is-config="true" signature="afterClass()[pri:0, instance:LoginPage.loginPage@72d1ad2e]" started-at="2025-03-20T16:31:27 IST" name="afterClass" finished-at="2025-03-20T16:31:27 IST" duration-ms="156" status="PASS">
          <reporter-output>
          </reporter-output>
        </test-method> <!-- afterClass -->
      </class> <!-- LoginPage.loginPage -->
    </test> <!-- Default test -->
  </suite> <!-- Default suite -->
</testng-results>
