<?xml version="1.0" encoding="UTF-8"?>
<testng-results ignored="0" total="3" passed="3" failed="0" skipped="0">
  <reporter-output>
  </reporter-output>
  <suite started-at="2025-04-21T14:18:36 IST" name="Default suite" finished-at="2025-04-21T14:19:04 IST" duration-ms="28456">
    <groups>
    </groups>
    <test started-at="2025-04-21T14:18:36 IST" name="Default test" finished-at="2025-04-21T14:19:04 IST" duration-ms="28456">
      <class name="TestScripts.AdminAcc">
        <test-method is-config="true" signature="beforeTest()[pri:0, instance:TestScripts.AdminAcc@aa549e5]" started-at="2025-04-21T14:18:36 IST" name="beforeTest" finished-at="2025-04-21T14:18:41 IST" duration-ms="4972" status="PASS">
          <reporter-output>
          </reporter-output>
        </test-method> <!-- beforeTest -->
        <test-method is-config="true" signature="beforeClass()[pri:0, instance:TestScripts.AdminAcc@aa549e5]" started-at="2025-04-21T14:18:41 IST" name="beforeClass" finished-at="2025-04-21T14:18:41 IST" duration-ms="0" status="PASS">
          <reporter-output>
          </reporter-output>
        </test-method> <!-- beforeClass -->
        <test-method is-config="true" signature="beforeMethod()[pri:0, instance:TestScripts.AdminAcc@aa549e5]" started-at="2025-04-21T14:18:41 IST" name="beforeMethod" finished-at="2025-04-21T14:18:41 IST" duration-ms="1" status="PASS">
          <reporter-output>
          </reporter-output>
        </test-method> <!-- beforeMethod -->
        <test-method signature="login()[pri:0, instance:TestScripts.AdminAcc@aa549e5]" started-at="2025-04-21T14:18:41 IST" name="login" finished-at="2025-04-21T14:18:41 IST" duration-ms="651" status="PASS">
          <reporter-output>
          </reporter-output>
        </test-method> <!-- login -->
        <test-method is-config="true" signature="afterMethod()[pri:0, instance:TestScripts.AdminAcc@aa549e5]" started-at="2025-04-21T14:18:41 IST" name="afterMethod" finished-at="2025-04-21T14:18:41 IST" duration-ms="1" status="PASS">
          <reporter-output>
          </reporter-output>
        </test-method> <!-- afterMethod -->
        <test-method signature="add_emp()[pri:1, instance:TestScripts.AdminAcc@aa549e5]" started-at="2025-04-21T14:18:41 IST" name="add_emp" finished-at="2025-04-21T14:18:57 IST" depends-on-methods="TestScripts.AdminAcc.login" duration-ms="15880" status="PASS">
          <reporter-output>
          </reporter-output>
        </test-method> <!-- add_emp -->
        <test-method is-config="true" signature="beforeMethod()[pri:0, instance:TestScripts.AdminAcc@aa549e5]" started-at="2025-04-21T14:18:41 IST" name="beforeMethod" finished-at="2025-04-21T14:18:41 IST" duration-ms="0" status="PASS">
          <reporter-output>
          </reporter-output>
        </test-method> <!-- beforeMethod -->
        <test-method is-config="true" signature="afterMethod()[pri:0, instance:TestScripts.AdminAcc@aa549e5]" started-at="2025-04-21T14:18:57 IST" name="afterMethod" finished-at="2025-04-21T14:18:57 IST" duration-ms="0" status="PASS">
          <reporter-output>
          </reporter-output>
        </test-method> <!-- afterMethod -->
        <test-method signature="userCredential()[pri:2, instance:TestScripts.AdminAcc@aa549e5]" started-at="2025-04-21T14:18:57 IST" name="userCredential" finished-at="2025-04-21T14:19:03 IST" depends-on-methods="TestScripts.AdminAcc.add_emp" duration-ms="5823" status="PASS">
          <reporter-output>
          </reporter-output>
        </test-method> <!-- userCredential -->
        <test-method is-config="true" signature="beforeMethod()[pri:0, instance:TestScripts.AdminAcc@aa549e5]" started-at="2025-04-21T14:18:57 IST" name="beforeMethod" finished-at="2025-04-21T14:18:57 IST" duration-ms="0" status="PASS">
          <reporter-output>
          </reporter-output>
        </test-method> <!-- beforeMethod -->
        <test-method is-config="true" signature="afterMethod()[pri:0, instance:TestScripts.AdminAcc@aa549e5]" started-at="2025-04-21T14:19:03 IST" name="afterMethod" finished-at="2025-04-21T14:19:03 IST" duration-ms="0" status="PASS">
          <reporter-output>
          </reporter-output>
        </test-method> <!-- afterMethod -->
        <test-method is-config="true" signature="afterClass()[pri:0, instance:TestScripts.AdminAcc@aa549e5]" started-at="2025-04-21T14:19:03 IST" name="afterClass" finished-at="2025-04-21T14:19:04 IST" duration-ms="841" status="PASS">
          <reporter-output>
          </reporter-output>
        </test-method> <!-- afterClass -->
        <test-method is-config="true" signature="afterTest()[pri:0, instance:TestScripts.AdminAcc@aa549e5]" started-at="2025-04-21T14:19:04 IST" name="afterTest" finished-at="2025-04-21T14:19:04 IST" duration-ms="137" status="PASS">
          <reporter-output>
          </reporter-output>
        </test-method> <!-- afterTest -->
      </class> <!-- TestScripts.AdminAcc -->
    </test> <!-- Default test -->
  </suite> <!-- Default suite -->
</testng-results>
