<?xml version="1.0" encoding="UTF-8"?>
<testng-results ignored="0" total="4" passed="4" failed="0" skipped="0">
  <reporter-output>
  </reporter-output>
  <suite started-at="2025-03-18T16:21:29 IST" name="Default suite" finished-at="2025-03-18T16:22:05 IST" duration-ms="36816">
    <groups>
    </groups>
    <test started-at="2025-03-18T16:21:29 IST" name="Default test" finished-at="2025-03-18T16:22:05 IST" duration-ms="36816">
      <class name="LoginPage.loginPage">
        <test-method is-config="true" signature="beforeClass()[pri:0, instance:LoginPage.loginPage@564fabc8]" started-at="2025-03-18T16:21:29 IST" name="beforeClass" finished-at="2025-03-18T16:21:33 IST" duration-ms="4394" status="PASS">
          <reporter-output>
          </reporter-output>
        </test-method> <!-- beforeClass -->
        <test-method is-config="true" signature="beforeMethod()[pri:0, instance:LoginPage.loginPage@564fabc8]" started-at="2025-03-18T16:21:33 IST" name="beforeMethod" finished-at="2025-03-18T16:21:33 IST" duration-ms="0" status="PASS">
          <reporter-output>
          </reporter-output>
        </test-method> <!-- beforeMethod -->
        <test-method signature="login()[pri:0, instance:LoginPage.loginPage@564fabc8]" started-at="2025-03-18T16:21:33 IST" name="login" finished-at="2025-03-18T16:21:35 IST" duration-ms="2170" status="PASS">
          <reporter-output>
          </reporter-output>
        </test-method> <!-- login -->
        <test-method is-config="true" signature="afterMethod()[pri:0, instance:LoginPage.loginPage@564fabc8]" started-at="2025-03-18T16:21:35 IST" name="afterMethod" finished-at="2025-03-18T16:21:38 IST" duration-ms="3194" status="PASS">
          <reporter-output>
          </reporter-output>
        </test-method> <!-- afterMethod -->
        <test-method signature="Home()[pri:1, instance:LoginPage.loginPage@564fabc8]" started-at="2025-03-18T16:21:38 IST" name="Home" finished-at="2025-03-18T16:21:44 IST" duration-ms="5479" status="PASS">
          <reporter-output>
          </reporter-output>
        </test-method> <!-- Home -->
        <test-method is-config="true" signature="beforeMethod()[pri:0, instance:LoginPage.loginPage@564fabc8]" started-at="2025-03-18T16:21:38 IST" name="beforeMethod" finished-at="2025-03-18T16:21:38 IST" duration-ms="0" status="PASS">
          <reporter-output>
          </reporter-output>
        </test-method> <!-- beforeMethod -->
        <test-method is-config="true" signature="afterMethod()[pri:0, instance:LoginPage.loginPage@564fabc8]" started-at="2025-03-18T16:21:44 IST" name="afterMethod" finished-at="2025-03-18T16:21:46 IST" duration-ms="2119" status="PASS">
          <reporter-output>
          </reporter-output>
        </test-method> <!-- afterMethod -->
        <test-method is-config="true" signature="beforeMethod()[pri:0, instance:LoginPage.loginPage@564fabc8]" started-at="2025-03-18T16:21:46 IST" name="beforeMethod" finished-at="2025-03-18T16:21:46 IST" duration-ms="0" status="PASS">
          <reporter-output>
          </reporter-output>
        </test-method> <!-- beforeMethod -->
        <test-method signature="add_emp()[pri:2, instance:LoginPage.loginPage@564fabc8]" started-at="2025-03-18T16:21:46 IST" name="add_emp" finished-at="2025-03-18T16:21:55 IST" duration-ms="8799" status="PASS">
          <reporter-output>
          </reporter-output>
        </test-method> <!-- add_emp -->
        <test-method is-config="true" signature="afterMethod()[pri:0, instance:LoginPage.loginPage@564fabc8]" started-at="2025-03-18T16:21:55 IST" name="afterMethod" finished-at="2025-03-18T16:21:57 IST" duration-ms="2150" status="PASS">
          <reporter-output>
          </reporter-output>
        </test-method> <!-- afterMethod -->
        <test-method signature="logout()[pri:3, instance:LoginPage.loginPage@564fabc8]" started-at="2025-03-18T16:21:57 IST" name="logout" finished-at="2025-03-18T16:22:02 IST" duration-ms="5077" status="PASS">
          <reporter-output>
          </reporter-output>
        </test-method> <!-- logout -->
        <test-method is-config="true" signature="beforeMethod()[pri:0, instance:LoginPage.loginPage@564fabc8]" started-at="2025-03-18T16:21:57 IST" name="beforeMethod" finished-at="2025-03-18T16:21:57 IST" duration-ms="0" status="PASS">
          <reporter-output>
          </reporter-output>
        </test-method> <!-- beforeMethod -->
        <test-method is-config="true" signature="afterMethod()[pri:0, instance:LoginPage.loginPage@564fabc8]" started-at="2025-03-18T16:22:02 IST" name="afterMethod" finished-at="2025-03-18T16:22:05 IST" duration-ms="3264" status="PASS">
          <reporter-output>
          </reporter-output>
        </test-method> <!-- afterMethod -->
        <test-method is-config="true" signature="afterClass()[pri:0, instance:LoginPage.loginPage@564fabc8]" started-at="2025-03-18T16:22:05 IST" name="afterClass" finished-at="2025-03-18T16:22:05 IST" duration-ms="139" status="PASS">
          <reporter-output>
          </reporter-output>
        </test-method> <!-- afterClass -->
      </class> <!-- LoginPage.loginPage -->
    </test> <!-- Default test -->
  </suite> <!-- Default suite -->
</testng-results>
