<?xml version="1.0" encoding="UTF-8"?>
<testng-results ignored="0" total="4" passed="4" failed="0" skipped="0">
  <reporter-output>
  </reporter-output>
  <suite started-at="2025-03-18T17:35:20 IST" name="Default suite" finished-at="2025-03-18T17:35:58 IST" duration-ms="37766">
    <groups>
    </groups>
    <test started-at="2025-03-18T17:35:20 IST" name="Default test" finished-at="2025-03-18T17:35:58 IST" duration-ms="37766">
      <class name="LoginPage.loginPage">
        <test-method is-config="true" signature="beforeClass()[pri:0, instance:LoginPage.loginPage@564fabc8]" started-at="2025-03-18T17:35:20 IST" name="beforeClass" finished-at="2025-03-18T17:35:26 IST" duration-ms="5850" status="PASS">
          <reporter-output>
          </reporter-output>
        </test-method> <!-- beforeClass -->
        <test-method is-config="true" signature="beforeMethod()[pri:0, instance:LoginPage.loginPage@564fabc8]" started-at="2025-03-18T17:35:26 IST" name="beforeMethod" finished-at="2025-03-18T17:35:26 IST" duration-ms="0" status="PASS">
          <reporter-output>
          </reporter-output>
        </test-method> <!-- beforeMethod -->
        <test-method signature="login()[pri:0, instance:LoginPage.loginPage@564fabc8]" started-at="2025-03-18T17:35:26 IST" name="login" finished-at="2025-03-18T17:35:28 IST" duration-ms="2155" status="PASS">
          <reporter-output>
          </reporter-output>
        </test-method> <!-- login -->
        <test-method is-config="true" signature="afterMethod()[pri:0, instance:LoginPage.loginPage@564fabc8]" started-at="2025-03-18T17:35:28 IST" name="afterMethod" finished-at="2025-03-18T17:35:31 IST" duration-ms="3026" status="PASS">
          <reporter-output>
          </reporter-output>
        </test-method> <!-- afterMethod -->
        <test-method is-config="true" signature="beforeMethod()[pri:0, instance:LoginPage.loginPage@564fabc8]" started-at="2025-03-18T17:35:31 IST" name="beforeMethod" finished-at="2025-03-18T17:35:31 IST" duration-ms="1" status="PASS">
          <reporter-output>
          </reporter-output>
        </test-method> <!-- beforeMethod -->
        <test-method signature="Home()[pri:1, instance:LoginPage.loginPage@564fabc8]" started-at="2025-03-18T17:35:31 IST" name="Home" finished-at="2025-03-18T17:35:37 IST" duration-ms="5559" status="PASS">
          <reporter-output>
          </reporter-output>
        </test-method> <!-- Home -->
        <test-method is-config="true" signature="afterMethod()[pri:0, instance:LoginPage.loginPage@564fabc8]" started-at="2025-03-18T17:35:37 IST" name="afterMethod" finished-at="2025-03-18T17:35:39 IST" duration-ms="2111" status="PASS">
          <reporter-output>
          </reporter-output>
        </test-method> <!-- afterMethod -->
        <test-method is-config="true" signature="beforeMethod()[pri:0, instance:LoginPage.loginPage@564fabc8]" started-at="2025-03-18T17:35:39 IST" name="beforeMethod" finished-at="2025-03-18T17:35:39 IST" duration-ms="0" status="PASS">
          <reporter-output>
          </reporter-output>
        </test-method> <!-- beforeMethod -->
        <test-method signature="add_emp()[pri:2, instance:LoginPage.loginPage@564fabc8]" started-at="2025-03-18T17:35:39 IST" name="add_emp" finished-at="2025-03-18T17:35:48 IST" duration-ms="8782" status="PASS">
          <reporter-output>
          </reporter-output>
        </test-method> <!-- add_emp -->
        <test-method is-config="true" signature="afterMethod()[pri:0, instance:LoginPage.loginPage@564fabc8]" started-at="2025-03-18T17:35:48 IST" name="afterMethod" finished-at="2025-03-18T17:35:50 IST" duration-ms="2124" status="PASS">
          <reporter-output>
          </reporter-output>
        </test-method> <!-- afterMethod -->
        <test-method is-config="true" signature="beforeMethod()[pri:0, instance:LoginPage.loginPage@564fabc8]" started-at="2025-03-18T17:35:50 IST" name="beforeMethod" finished-at="2025-03-18T17:35:50 IST" duration-ms="0" status="PASS">
          <reporter-output>
          </reporter-output>
        </test-method> <!-- beforeMethod -->
        <test-method signature="logout()[pri:3, instance:LoginPage.loginPage@564fabc8]" started-at="2025-03-18T17:35:50 IST" name="logout" finished-at="2025-03-18T17:35:55 IST" duration-ms="4985" status="PASS">
          <reporter-output>
          </reporter-output>
        </test-method> <!-- logout -->
        <test-method is-config="true" signature="afterMethod()[pri:0, instance:LoginPage.loginPage@564fabc8]" started-at="2025-03-18T17:35:55 IST" name="afterMethod" finished-at="2025-03-18T17:35:58 IST" duration-ms="2980" status="PASS">
          <reporter-output>
          </reporter-output>
        </test-method> <!-- afterMethod -->
        <test-method is-config="true" signature="afterClass()[pri:0, instance:LoginPage.loginPage@564fabc8]" started-at="2025-03-18T17:35:58 IST" name="afterClass" finished-at="2025-03-18T17:35:58 IST" duration-ms="158" status="PASS">
          <reporter-output>
          </reporter-output>
        </test-method> <!-- afterClass -->
      </class> <!-- LoginPage.loginPage -->
    </test> <!-- Default test -->
  </suite> <!-- Default suite -->
</testng-results>
